<?xml version="1.0" encoding="utf-8"?><testsuites><testsuite name="pytest" errors="0" failures="0" skipped="0" tests="38" time="2.629" timestamp="2024-08-28T15:49:18.859027" hostname="GOIN-NB-2006001"><testcase classname="tests.test_types" name="test_error_raising" time="0.002" /><testcase classname="tests.test_types" name="test_date[2020-01-01-expected_date0]" time="0.002" /><testcase classname="tests.test_types" name="test_date[2020-01-01 00:00:00-expected_date1]" time="0.002" /><testcase classname="tests.test_types" name="test_date[2020-01-01 00:00:01-expected_date2]" time="0.001" /><testcase classname="tests.test_types" name="test_date[2020-01-01 00:01:00-expected_date3]" time="0.001" /><testcase classname="tests.test_types" name="test_date[2020-01-01 01:00:00-expected_date4]" time="0.001" /><testcase classname="tests.test_types" name="test_date[2020-01-01 01:01:01-expected_date5]" time="0.001" /><testcase classname="tests.test_types" name="test_date[2020.01.01-expected_date6]" time="0.002" /><testcase classname="tests.test_types" name="test_date[2020/01/01-expected_date7]" time="0.001" /><testcase classname="tests.test_types" name="test_date[2020 01 01-expected_date8]" time="0.001" /><testcase classname="tests.test_types" name="test_date[20200101-expected_date9]" time="0.001" /><testcase classname="tests.test_types" name="test_date[2020 Jan 01-expected_date10]" time="0.001" /><testcase classname="tests.test_types" name="test_date[2020 January 01-expected_date11]" time="0.001" /><testcase classname="tests.test_types" name="test_date[2020 Jan 1-expected_date12]" time="0.001" /><testcase classname="tests.test_types" name="test_date[2020 January 1-expected_date13]" time="0.001" /><testcase classname="tests.test_types" name="test_date[Jan 01 2020-expected_date14]" time="0.001" /><testcase classname="tests.test_types" name="test_date[January 01 2020-expected_date15]" time="0.003" /><testcase classname="tests.test_types" name="test_date[Jan 1 2020-expected_date16]" time="0.001" /><testcase classname="tests.test_types" name="test_date[January 1 2020-expected_date17]" time="0.001" /><testcase classname="tests.test_types" name="test_date[01 Jan 2020-expected_date18]" time="0.001" /><testcase classname="tests.test_types" name="test_date[01 January 2020-expected_date19]" time="0.001" /><testcase classname="tests.test_types" name="test_date[1 Jan 2020-expected_date20]" time="0.001" /><testcase classname="tests.test_types" name="test_date[1 January 2020-expected_date21]" time="0.001" /><testcase classname="tests.test_types" name="test_date[01-01-2020-expected_date22]" time="0.002" /><testcase classname="tests.test_types" name="test_date[01.01.2020-expected_date23]" time="0.002" /><testcase classname="tests.test_types" name="test_date[01/01/2020-expected_date24]" time="0.001" /><testcase classname="tests.test_types" name="test_date[02-01-20-expected_date25]" time="0.001" /><testcase classname="tests.test_types" name="test_date[02.01.20-expected_date26]" time="0.001" /><testcase classname="tests.test_types" name="test_date[02/01/20-expected_date27]" time="0.001" /><testcase classname="tests.test_types" name="test_date[02 01 20-expected_date28]" time="0.001" /><testcase classname="tests.test_types" name="test_date[2020-01-02-expected_date29]" time="0.001" /><testcase classname="tests.test_types" name="test_date[2020.01.02-expected_date30]" time="0.001" /><testcase classname="tests.test_types" name="test_date[2020/01/02-expected_date31]" time="0.001" /><testcase classname="tests.test_types" name="test_date[2020 01 02-expected_date32]" time="0.002" /><testcase classname="tests.test_types" name="test_date_coerce" time="0.001" /><testcase classname="tests.test_types" name="test_date_coerce_none" time="0.001" /><testcase classname="tests.test_types" name="test_date_ignore" time="0.001" /><testcase classname="tests.test_types" name="test_date_custom" time="0.001" /></testsuite></testsuites>